<?xml version="1.0" encoding="UTF-8"?>
<!-- Generated by org.testng.reporters.JUnitReportReporter -->
<testsuite skipped="0" hostname="LAPTOP-F6EOHCUB" name="testCases.Get_Read_A_Product" tests="1" failures="0" timestamp="27 Feb 2021 20:39:19 GMT" time="2.284" errors="0">
  <testcase name="read_Product" time="2.284" classname="testCases.Get_Read_A_Product"/>
</testsuite> <!-- testCases.Get_Read_A_Product -->
