<?xml version="1.0" encoding="UTF-8"?>
<!-- Generated by org.testng.reporters.JUnitReportReporter -->
<testsuite skipped="0" hostname="LAPTOP-F6EOHCUB" name="testCases.Get_Or_Read_A_Product" tests="1" failures="0" timestamp="27 Feb 2021 19:35:48 GMT" time="2.743" errors="0">
  <testcase name="create_Product" time="2.743" classname="testCases.Get_Or_Read_A_Product"/>
</testsuite> <!-- testCases.Get_Or_Read_A_Product -->
