<?xml version="1.0" encoding="UTF-8"?>
<!-- Generated by org.testng.reporters.JUnitReportReporter -->
<testsuite skipped="0" hostname="LAPTOP-F6EOHCUB" name="testCases.Get_Read_All_Product" tests="1" failures="0" timestamp="28 Feb 2021 03:07:30 GMT" time="1.875" errors="0">
  <testcase name="read_All_Products" time="1.875" classname="testCases.Get_Read_All_Product"/>
</testsuite> <!-- testCases.Get_Read_All_Product -->
