<?xml version="1.0" encoding="UTF-8"?>
<!-- Generated by org.testng.reporters.JUnitReportReporter -->
<testsuite skipped="0" hostname="LAPTOP-F6EOHCUB" name="testCases.Get_Or_Read_All_Products" tests="1" failures="0" timestamp="27 Feb 2021 18:06:01 GMT" time="1.792" errors="0">
  <testcase name="read_All_Products" time="1.792" classname="testCases.Get_Or_Read_All_Products"/>
</testsuite> <!-- testCases.Get_Or_Read_All_Products -->
